sub:		Directly		Indirectly		Unrelated		InsectPrime		InsctTarget		AllTasks
ya1:		1.000(0.000)	1.000(0.000)	1.000(0.000)	0.000(0.000)	0.000(0.000)	0.826
ya12:		0.984(0.000)	0.984(0.000)	0.969(0.000)	0.750(0.664)	0.950(0.627)	0.957
ya13:		1.000(0.000)	1.000(0.000)	0.984(0.000)	0.600(0.692)	0.950(0.647)	0.957
ya15:		1.000(0.000)	1.000(0.000)	0.969(0.000)	0.250(0.559)	0.850(0.628)	0.914
ya16:		1.000(0.000)	1.000(0.000)	0.968(0.000)	0.700(0.857)	0.850(0.841)	0.953
ya17:		0.984(0.000)	0.953(0.000)	0.984(0.000)	0.400(0.629)	1.000(0.677)	0.927
ya18:		1.000(0.000)	0.969(0.000)	0.984(0.000)	0.550(0.809)	0.900(0.844)	0.94
ya19:		1.000(0.000)	1.000(0.000)	0.969(0.000)	0.000(0.000)	0.900(0.650)	0.897
ya2:		1.000(0.000)	0.984(0.000)	0.984(0.000)	0.900(0.544)	1.000(0.654)	0.983
ya20:		0.984(0.000)	1.000(0.000)	0.984(0.000)	0.850(0.641)	1.000(0.637)	0.978
ya21:		1.000(0.000)	1.000(0.000)	0.938(0.000)	0.800(0.646)	0.950(0.707)	0.961
ya22:		1.000(0.000)	0.984(0.000)	1.000(0.000)	0.850(0.594)	1.000(0.610)	0.983
ya23:		0.968(0.000)	1.000(0.000)	0.968(0.000)	0.000(0.000)	0.600(0.834)	0.86
ya24:		0.966(0.000)	0.983(0.000)	0.932(0.000)	0.526(0.633)	0.900(0.683)	0.917
ya25:		1.000(0.000)	0.984(0.000)	0.969(0.000)	0.950(0.708)	0.950(0.737)	0.978
ya26:		0.984(0.000)	1.000(0.000)	0.984(0.000)	0.150(0.770)	0.950(0.645)	0.914
ya27:		0.984(0.000)	1.000(0.000)	0.984(0.000)	0.600(0.663)	0.950(0.710)	0.953
ya3:		1.000(0.000)	1.000(0.000)	1.000(0.000)	0.571(0.723)	1.000(0.678)	0.963
ya4:		0.984(0.000)	0.984(0.000)	0.969(0.000)	0.900(0.652)	0.950(0.685)	0.97
ya5:		1.000(0.000)	0.984(0.000)	0.984(0.000)	0.150(0.705)	0.950(0.721)	0.914
ya6:		1.000(0.000)	1.000(0.000)	0.969(0.000)	0.850(0.560)	1.000(0.598)	0.978
ya7:		1.000(0.000)	1.000(0.000)	0.984(0.000)	0.700(0.895)	0.900(0.823)	0.961
ya8:		0.984(0.000)	1.000(0.000)	1.000(0.000)	0.100(1.142)	0.900(0.831)	0.909
ya9:		1.000(0.000)	1.000(0.000)	0.984(0.000)	0.000(0.000)	0.750(0.967)	0.888
