sub:		A ------ Y		B ------ X		B ------ Y		A ------ X		AllTasks
ya12:		0.975(0.000)	0.975(0.000)	1.000(0.000)	0.954(0.442)	0.963
ya13:		0.900(0.000)	0.925(0.000)	0.975(0.000)	0.975(0.389)	0.963
ya15:		0.500(0.000)	0.800(0.000)	0.975(0.000)	0.925(0.280)	0.875
ya17:		0.324(0.000)	1.000(0.000)	1.000(0.000)	1.000(0.260)	0.931
ya18:		0.950(0.000)	1.000(0.000)	1.000(0.000)	0.975(0.610)	0.978
ya19:		0.875(0.000)	0.950(0.000)	1.000(0.000)	0.954(0.381)	0.95
ya20:		0.825(0.000)	0.950(0.000)	0.950(0.000)	0.971(0.365)	0.953
ya21:		0.950(0.000)	1.000(0.000)	0.975(0.000)	0.871(0.429)	0.903
ya22:		0.925(0.000)	0.975(0.000)	1.000(0.000)	0.975(0.368)	0.973
ya23:		0.600(0.000)	0.950(0.000)	1.000(0.000)	0.725(0.358)	0.763
ya24:		0.950(0.000)	1.000(0.000)	1.000(0.000)	0.996(0.333)	0.993
ya25:		0.950(0.000)	0.950(0.000)	0.975(0.000)	0.954(0.423)	0.955
ya26:		0.900(0.000)	0.950(0.000)	0.950(0.000)	0.661(0.440)	0.743
ya27:		0.875(0.000)	0.925(0.000)	0.975(0.000)	0.679(0.373)	0.753
ya28:		0.769(0.000)	0.950(0.000)	0.975(0.000)	0.964(0.350)	0.945
ya3:		1.000(0.000)	1.000(0.000)	1.000(0.000)	0.993(0.438)	0.995
ya5:		0.750(0.000)	0.900(0.000)	0.975(0.000)	0.986(0.345)	0.953
ya6:		0.839(0.000)	1.000(0.000)	1.000(0.000)	0.995(0.310)	0.98
ya9:		0.925(0.000)	0.950(0.000)	1.000(0.000)	0.971(0.403)	0.968
