sub:		LP_RelTarg		LP_UnrTarg		LP_UnrFill		LP_AniTarg		HP_RelTarg		HP_UnrTarg		HP_RelFill		HP_UnrFill		HP_AniTarg		LP_AniPrime		HP_AniPrime		AllTasks
ya1:		1.000(0.000)	1.000(0.000)	1.000(0.000)	0.000(0.000)	1.000(0.000)	1.000(0.000)	0.994(0.000)	1.000(0.000)	0.925(0.672)	0.000(0.000)	0.857(0.706)	0.888
ya12:		1.000(0.000)	0.975(0.000)	0.996(0.000)	0.975(0.739)	1.000(0.000)	0.950(0.000)	1.000(0.000)	0.988(0.000)	0.900(0.673)	0.850(0.712)	0.921(0.667)	0.976
ya13:		1.000(0.000)	1.000(0.000)	1.000(0.000)	0.975(0.704)	1.000(0.000)	1.000(0.000)	0.994(0.000)	0.988(0.000)	0.900(0.797)	0.806(0.673)	0.923(0.734)	0.979
ya15:		1.000(0.000)	0.950(0.000)	0.983(0.000)	0.800(0.690)	1.000(0.000)	1.000(0.000)	0.975(0.000)	0.988(0.000)	0.925(0.644)	0.718(0.796)	0.711(0.742)	0.945
ya16:		1.000(0.000)	1.000(0.000)	0.996(0.000)	1.000(0.830)	1.000(0.000)	0.950(0.000)	1.000(0.000)	1.000(0.000)	0.950(0.792)	0.925(0.859)	0.875(0.875)	0.984
ya17:		1.000(0.000)	1.000(0.000)	0.983(0.000)	1.000(0.624)	1.000(0.000)	1.000(0.000)	0.987(0.000)	0.988(0.000)	1.000(0.596)	0.865(0.765)	0.909(0.650)	0.981
ya18:		1.000(0.000)	1.000(0.000)	0.975(0.000)	0.925(0.873)	1.000(0.000)	1.000(0.000)	0.988(0.000)	0.988(0.000)	0.925(0.862)	0.950(0.893)	0.925(0.898)	0.975
ya19:		0.975(0.000)	0.951(0.000)	0.996(0.000)	0.950(0.679)	1.000(0.000)	0.975(0.000)	0.994(0.000)	0.988(0.000)	0.950(0.706)	0.853(0.613)	0.868(0.612)	0.974
ya2:		1.000(0.000)	1.000(0.000)	0.983(0.000)	1.000(0.662)	1.000(0.000)	1.000(0.000)	0.994(0.000)	1.000(0.000)	0.975(0.696)	0.900(0.768)	0.974(0.774)	0.986
ya20:		1.000(0.000)	1.000(0.000)	0.983(0.000)	1.000(0.590)	1.000(0.000)	1.000(0.000)	1.000(0.000)	0.988(0.000)	1.000(0.624)	0.946(0.676)	0.868(0.680)	0.985
ya21:		1.000(0.000)	1.000(0.000)	1.000(0.000)	0.950(0.755)	1.000(0.000)	1.000(0.000)	0.994(0.000)	1.000(0.000)	0.950(0.725)	0.900(0.801)	0.949(0.798)	0.986
ya23:		1.000(0.000)	0.950(0.000)	0.996(0.000)	0.750(0.767)	1.000(0.000)	1.000(0.000)	1.000(0.000)	0.975(0.000)	0.875(0.710)	0.410(0.736)	0.526(0.667)	0.923
ya3:		1.000(0.000)	1.000(0.000)	0.992(0.000)	0.950(0.709)	1.000(0.000)	1.000(0.000)	0.994(0.000)	0.988(0.000)	0.925(0.746)	0.974(0.750)	0.825(0.762)	0.979
ya4:		1.000(0.000)	1.000(0.000)	0.975(0.000)	0.950(0.618)	1.000(0.000)	1.000(0.000)	0.988(0.000)	0.987(0.000)	0.875(0.658)	0.892(0.791)	0.872(0.756)	0.969
ya5:		0.975(0.000)	1.000(0.000)	0.979(0.000)	0.950(0.729)	1.000(0.000)	1.000(0.000)	0.994(0.000)	1.000(0.000)	1.000(0.709)	0.872(0.815)	0.800(0.780)	0.972
ya6:		1.000(0.000)	1.000(0.000)	0.996(0.000)	0.975(0.648)	0.976(0.000)	1.000(0.000)	0.994(0.000)	0.988(0.000)	0.975(0.651)	0.811(0.652)	0.972(0.654)	0.982
ya7:		1.000(0.000)	0.976(0.000)	0.996(0.000)	0.900(0.777)	1.000(0.000)	1.000(0.000)	1.000(0.000)	0.963(0.000)	0.950(0.712)	0.875(0.746)	0.892(0.663)	0.975
ya8:		1.000(0.000)	1.000(0.000)	0.992(0.000)	0.600(0.783)	1.000(0.000)	0.975(0.000)	0.994(0.000)	0.950(0.000)	0.950(0.730)	0.525(0.701)	0.850(0.742)	0.936
ya9:		1.000(0.000)	1.000(0.000)	1.000(0.000)	0.825(0.800)	0.971(0.000)	1.000(0.000)	1.000(0.000)	0.971(0.000)	0.750(0.786)	0.625(0.871)	0.676(0.817)	0.941
